{
  metadata: TypeError: Cannot read properties of undefined (reading 'replace')
      at auth (file:///C:/Users/Usuario/OneDrive/Mis_cosas/MasterConquer/Modulo_NodeJS/Practico_NodeJS/ticketing-proyect/middlewares/auth.js:4:46)
      at Layer.handleRequest (C:\Users\Usuario\OneDrive\Mis_cosas\MasterConquer\Modulo_NodeJS\Practico_NodeJS\ticketing-proyect\node_modules\router\lib\layer.js:152:17)
      at next (C:\Users\Usuario\OneDrive\Mis_cosas\MasterConquer\Modulo_NodeJS\Practico_NodeJS\ticketing-proyect\node_modules\router\lib\route.js:157:13)
      at Route.dispatch (C:\Users\Usuario\OneDrive\Mis_cosas\MasterConquer\Modulo_NodeJS\Practico_NodeJS\ticketing-proyect\node_modules\router\lib\route.js:117:3)
      at handle (C:\Users\Usuario\OneDrive\Mis_cosas\MasterConquer\Modulo_NodeJS\Practico_NodeJS\ticketing-proyect\node_modules\router\index.js:435:11)
      at Layer.handleRequest (C:\Users\Usuario\OneDrive\Mis_cosas\MasterConquer\Modulo_NodeJS\Practico_NodeJS\ticketing-proyect\node_modules\router\lib\layer.js:152:17)
      at C:\Users\Usuario\OneDrive\Mis_cosas\MasterConquer\Modulo_NodeJS\Practico_NodeJS\ticketing-proyect\node_modules\router\index.js:295:15
      at processParams (C:\Users\Usuario\OneDrive\Mis_cosas\MasterConquer\Modulo_NodeJS\Practico_NodeJS\ticketing-proyect\node_modules\router\index.js:582:12)
      at next (C:\Users\Usuario\OneDrive\Mis_cosas\MasterConquer\Modulo_NodeJS\Practico_NodeJS\ticketing-proyect\node_modules\router\index.js:291:5)
      at router.handle (C:\Users\Usuario\OneDrive\Mis_cosas\MasterConquer\Modulo_NodeJS\Practico_NodeJS\ticketing-proyect\node_modules\router\index.js:186:3),
  level: 'error',
  message: "Cannot read properties of undefined (reading 'replace')",
  timestamp: '2026-01-02T18:37:59.294Z'
}
{
  metadata: TypeError: Cannot read properties of undefined (reading 'replace')
      at auth (C:\Users\Usuario\OneDrive\Mis_cosas\MasterConquer\Modulo_NodeJS\Practico_NodeJS\ticketing-proyect\middlewares\auth.js:4:46)
      at Layer.handleRequest (C:\Users\Usuario\OneDrive\Mis_cosas\MasterConquer\Modulo_NodeJS\Practico_NodeJS\ticketing-proyect\node_modules\router\lib\layer.js:152:17)
      at next (C:\Users\Usuario\OneDrive\Mis_cosas\MasterConquer\Modulo_NodeJS\Practico_NodeJS\ticketing-proyect\node_modules\router\lib\route.js:157:13)
      at Route.dispatch (C:\Users\Usuario\OneDrive\Mis_cosas\MasterConquer\Modulo_NodeJS\Practico_NodeJS\ticketing-proyect\node_modules\router\lib\route.js:117:3)
      at handle (C:\Users\Usuario\OneDrive\Mis_cosas\MasterConquer\Modulo_NodeJS\Practico_NodeJS\ticketing-proyect\node_modules\router\index.js:435:11)
      at Layer.handleRequest (C:\Users\Usuario\OneDrive\Mis_cosas\MasterConquer\Modulo_NodeJS\Practico_NodeJS\ticketing-proyect\node_modules\router\lib\layer.js:152:17)
      at C:\Users\Usuario\OneDrive\Mis_cosas\MasterConquer\Modulo_NodeJS\Practico_NodeJS\ticketing-proyect\node_modules\router\index.js:295:15
      at param (C:\Users\Usuario\OneDrive\Mis_cosas\MasterConquer\Modulo_NodeJS\Practico_NodeJS\ticketing-proyect\node_modules\router\index.js:600:14)
      at param (C:\Users\Usuario\OneDrive\Mis_cosas\MasterConquer\Modulo_NodeJS\Practico_NodeJS\ticketing-proyect\node_modules\router\index.js:610:14)
      at processParams (C:\Users\Usuario\OneDrive\Mis_cosas\MasterConquer\Modulo_NodeJS\Practico_NodeJS\ticketing-proyect\node_modules\router\index.js:664:3)
      at next (C:\Users\Usuario\OneDrive\Mis_cosas\MasterConquer\Modulo_NodeJS\Practico_NodeJS\ticketing-proyect\node_modules\router\index.js:291:5)
      at router.handle (C:\Users\Usuario\OneDrive\Mis_cosas\MasterConquer\Modulo_NodeJS\Practico_NodeJS\ticketing-proyect\node_modules\router\index.js:186:3)
      at router (C:\Users\Usuario\OneDrive\Mis_cosas\MasterConquer\Modulo_NodeJS\Practico_NodeJS\ticketing-proyect\node_modules\router\index.js:60:12)
      at Layer.handleRequest (C:\Users\Usuario\OneDrive\Mis_cosas\MasterConquer\Modulo_NodeJS\Practico_NodeJS\ticketing-proyect\node_modules\router\lib\layer.js:152:17)
      at trimPrefix (C:\Users\Usuario\OneDrive\Mis_cosas\MasterConquer\Modulo_NodeJS\Practico_NodeJS\ticketing-proyect\node_modules\router\index.js:342:13)
      at C:\Users\Usuario\OneDrive\Mis_cosas\MasterConquer\Modulo_NodeJS\Practico_NodeJS\ticketing-proyect\node_modules\router\index.js:297:9
      at processParams (C:\Users\Usuario\OneDrive\Mis_cosas\MasterConquer\Modulo_NodeJS\Practico_NodeJS\ticketing-proyect\node_modules\router\index.js:582:12)
      at next (C:\Users\Usuario\OneDrive\Mis_cosas\MasterConquer\Modulo_NodeJS\Practico_NodeJS\ticketing-proyect\node_modules\router\index.js:291:5)
      at read (C:\Users\Usuario\OneDrive\Mis_cosas\MasterConquer\Modulo_NodeJS\Practico_NodeJS\ticketing-proyect\node_modules\body-parser\lib\read.js:54:5)
      at jsonParser (C:\Users\Usuario\OneDrive\Mis_cosas\MasterConquer\Modulo_NodeJS\Practico_NodeJS\ticketing-proyect\node_modules\body-parser\lib\types\json.js:90:5)
      at Layer.handleRequest (C:\Users\Usuario\OneDrive\Mis_cosas\MasterConquer\Modulo_NodeJS\Practico_NodeJS\ticketing-proyect\node_modules\router\lib\layer.js:152:17)
      at trimPrefix (C:\Users\Usuario\OneDrive\Mis_cosas\MasterConquer\Modulo_NodeJS\Practico_NodeJS\ticketing-proyect\node_modules\router\index.js:342:13)
      at C:\Users\Usuario\OneDrive\Mis_cosas\MasterConquer\Modulo_NodeJS\Practico_NodeJS\ticketing-proyect\node_modules\router\index.js:297:9
      at processParams (C:\Users\Usuario\OneDrive\Mis_cosas\MasterConquer\Modulo_NodeJS\Practico_NodeJS\ticketing-proyect\node_modules\router\index.js:582:12)
      at next (C:\Users\Usuario\OneDrive\Mis_cosas\MasterConquer\Modulo_NodeJS\Practico_NodeJS\ticketing-proyect\node_modules\router\index.js:291:5)
      at logger (C:\Users\Usuario\OneDrive\Mis_cosas\MasterConquer\Modulo_NodeJS\Practico_NodeJS\ticketing-proyect\node_modules\morgan\index.js:144:5)
      at Layer.handleRequest (C:\Users\Usuario\OneDrive\Mis_cosas\MasterConquer\Modulo_NodeJS\Practico_NodeJS\ticketing-proyect\node_modules\router\lib\layer.js:152:17)
      at trimPrefix (C:\Users\Usuario\OneDrive\Mis_cosas\MasterConquer\Modulo_NodeJS\Practico_NodeJS\ticketing-proyect\node_modules\router\index.js:342:13)
      at C:\Users\Usuario\OneDrive\Mis_cosas\MasterConquer\Modulo_NodeJS\Practico_NodeJS\ticketing-proyect\node_modules\router\index.js:297:9
      at processParams (C:\Users\Usuario\OneDrive\Mis_cosas\MasterConquer\Modulo_NodeJS\Practico_NodeJS\ticketing-proyect\node_modules\router\index.js:582:12)
      at next (C:\Users\Usuario\OneDrive\Mis_cosas\MasterConquer\Modulo_NodeJS\Practico_NodeJS\ticketing-proyect\node_modules\router\index.js:291:5)
      at router.handle (C:\Users\Usuario\OneDrive\Mis_cosas\MasterConquer\Modulo_NodeJS\Practico_NodeJS\ticketing-proyect\node_modules\router\index.js:186:3)
      at app.handle (C:\Users\Usuario\OneDrive\Mis_cosas\MasterConquer\Modulo_NodeJS\Practico_NodeJS\ticketing-proyect\node_modules\express\lib\application.js:177:15)
      at Server.app (C:\Users\Usuario\OneDrive\Mis_cosas\MasterConquer\Modulo_NodeJS\Practico_NodeJS\ticketing-proyect\node_modules\express\lib\express.js:38:9)
      at Server.emit (node:events:508:28)
      at parserOnIncoming (node:_http_server:1186:12)
      at HTTPParser.parserOnHeadersComplete (node:_http_common:123:17),
  level: 'error',
  message: "Cannot read properties of undefined (reading 'replace')",
  timestamp: '2026-01-06T19:04:47.019Z'
}
